C:\USERS\PANLIANGYU\DOCUMENTS\VISUAL STUDIO 2010\PROJECTS\OPENGLHW1\DEBUG\OPENGLHW1.EXE
C:\USERS\PANLIANGYU\DOCUMENTS\VISUAL STUDIO 2010\PROJECTS\OPENGLHW1\DEBUG\OPENGLHW1.ILK
C:\USERS\PANLIANGYU\DOCUMENTS\VISUAL STUDIO 2010\PROJECTS\OPENGLHW1\DEBUG\OPENGLHW1.PDB
C:\Users\panliangyu\Documents\Visual Studio 2010\Projects\openGLHw1\openGLHw1\Debug\cl.command.1.tlog
C:\Users\panliangyu\Documents\Visual Studio 2010\Projects\openGLHw1\openGLHw1\Debug\CL.read.1.tlog
C:\Users\panliangyu\Documents\Visual Studio 2010\Projects\openGLHw1\openGLHw1\Debug\CL.write.1.tlog
C:\USERS\PANLIANGYU\DOCUMENTS\VISUAL STUDIO 2010\PROJECTS\OPENGLHW1\OPENGLHW1\DEBUG\LIGHT.OBJ
C:\Users\panliangyu\Documents\Visual Studio 2010\Projects\openGLHw1\openGLHw1\Debug\link.2964.read.1.tlog
C:\Users\panliangyu\Documents\Visual Studio 2010\Projects\openGLHw1\openGLHw1\Debug\link.2964.write.1.tlog
C:\Users\panliangyu\Documents\Visual Studio 2010\Projects\openGLHw1\openGLHw1\Debug\link.2964-cvtres.read.1.tlog
C:\Users\panliangyu\Documents\Visual Studio 2010\Projects\openGLHw1\openGLHw1\Debug\link.2964-cvtres.write.1.tlog
C:\Users\panliangyu\Documents\Visual Studio 2010\Projects\openGLHw1\openGLHw1\Debug\link.command.1.tlog
C:\Users\panliangyu\Documents\Visual Studio 2010\Projects\openGLHw1\openGLHw1\Debug\link.read.1.tlog
C:\Users\panliangyu\Documents\Visual Studio 2010\Projects\openGLHw1\openGLHw1\Debug\link.write.1.tlog
C:\Users\panliangyu\Documents\Visual Studio 2010\Projects\openGLHw1\openGLHw1\Debug\link-cvtres.read.1.tlog
C:\Users\panliangyu\Documents\Visual Studio 2010\Projects\openGLHw1\openGLHw1\Debug\link-cvtres.write.1.tlog
C:\USERS\PANLIANGYU\DOCUMENTS\VISUAL STUDIO 2010\PROJECTS\OPENGLHW1\OPENGLHW1\DEBUG\MAIN.OBJ
C:\USERS\PANLIANGYU\DOCUMENTS\VISUAL STUDIO 2010\PROJECTS\OPENGLHW1\OPENGLHW1\DEBUG\MESH.OBJ
C:\Users\panliangyu\Documents\Visual Studio 2010\Projects\openGLHw1\openGLHw1\Debug\mt.command.1.tlog
C:\Users\panliangyu\Documents\Visual Studio 2010\Projects\openGLHw1\openGLHw1\Debug\mt.read.1.tlog
C:\Users\panliangyu\Documents\Visual Studio 2010\Projects\openGLHw1\openGLHw1\Debug\mt.write.1.tlog
C:\USERS\PANLIANGYU\DOCUMENTS\VISUAL STUDIO 2010\PROJECTS\OPENGLHW1\OPENGLHW1\DEBUG\OPENGLHW1.EXE.EMBED.MANIFEST
C:\USERS\PANLIANGYU\DOCUMENTS\VISUAL STUDIO 2010\PROJECTS\OPENGLHW1\OPENGLHW1\DEBUG\OPENGLHW1.EXE.EMBED.MANIFEST.RES
C:\USERS\PANLIANGYU\DOCUMENTS\VISUAL STUDIO 2010\PROJECTS\OPENGLHW1\OPENGLHW1\DEBUG\OPENGLHW1.EXE.INTERMEDIATE.MANIFEST
C:\Users\panliangyu\Documents\Visual Studio 2010\Projects\openGLHw1\openGLHw1\Debug\openGLHw1_manifest.rc
C:\Users\panliangyu\Documents\Visual Studio 2010\Projects\openGLHw1\openGLHw1\Debug\rc.command.1.tlog
C:\Users\panliangyu\Documents\Visual Studio 2010\Projects\openGLHw1\openGLHw1\Debug\rc.read.1.tlog
C:\Users\panliangyu\Documents\Visual Studio 2010\Projects\openGLHw1\openGLHw1\Debug\rc.write.1.tlog
C:\USERS\PANLIANGYU\DOCUMENTS\VISUAL STUDIO 2010\PROJECTS\OPENGLHW1\OPENGLHW1\DEBUG\SCENE.OBJ
C:\Users\panliangyu\Documents\Visual Studio 2010\Projects\openGLHw1\openGLHw1\Debug\vc100.idb
C:\USERS\PANLIANGYU\DOCUMENTS\VISUAL STUDIO 2010\PROJECTS\OPENGLHW1\OPENGLHW1\DEBUG\VC100.PDB
C:\USERS\PANLIANGYU\DOCUMENTS\VISUAL STUDIO 2010\PROJECTS\OPENGLHW1\OPENGLHW1\DEBUG\VIEW.OBJ
