已經開始建置於 2014/4/24 下午 10:32:03。
節點 2 (build 目標) 上的專案 "C:\Users\panliangyu\Documents\Visual Studio 2010\Projects\OpenGLHw2New\OpenGLHw2New\OpenGLHw2New.vcxproj"。
InitializeBuildStatus:
  由於指定了 "AlwaysCreate"，因此正在建立 "Debug\OpenGLHw2New.unsuccessfulbuild"。
ClCompile:
  C:\Program Files (x86)\Microsoft Visual Studio 10.0\VC\bin\CL.exe /c /I../include /ZI /nologo /W3 /WX- /Od /Oy- /D WIN32 /D _DEBUG /D _CONSOLE /D _UNICODE /D UNICODE /Gm /EHsc /RTC1 /MDd /GS /fp:precise /Zc:wchar_t /Zc:forScope /Fo"Debug\\" /Fd"Debug\vc100.pdb" /Gd /TP /analyze- /errorReport:prompt main.cpp
  main.cpp
ManifestResourceCompile:
  所有輸出都是最新的。
Link:
  C:\Program Files (x86)\Microsoft Visual Studio 10.0\VC\bin\link.exe /ERRORREPORT:PROMPT /OUT:"C:\Users\panliangyu\Documents\Visual Studio 2010\Projects\OpenGLHw2New\Debug\OpenGLHw2New.exe" /INCREMENTAL /NOLOGO /LIBPATH:../lib glut32.lib glaux.lib glew32.lib glew32s.lib kernel32.lib user32.lib gdi32.lib winspool.lib comdlg32.lib advapi32.lib shell32.lib ole32.lib oleaut32.lib uuid.lib odbc32.lib odbccp32.lib /MANIFEST /ManifestFile:"Debug\OpenGLHw2New.exe.intermediate.manifest" /MANIFESTUAC:"level='asInvoker' uiAccess='false'" /DEBUG /PDB:"C:\Users\panliangyu\Documents\Visual Studio 2010\Projects\OpenGLHw2New\Debug\OpenGLHw2New.pdb" /SUBSYSTEM:CONSOLE /TLBID:1 /DYNAMICBASE /NXCOMPAT /IMPLIB:"C:\Users\panliangyu\Documents\Visual Studio 2010\Projects\OpenGLHw2New\Debug\OpenGLHw2New.lib" /MACHINE:X86 Debug\OpenGLHw2New.exe.embed.manifest.res
  Debug\light.obj
  Debug\main.obj
  Debug\mesh.obj
  Debug\scene.obj
  Debug\view.obj
Manifest:
  c:\Program Files (x86)\Microsoft SDKs\Windows\v7.0A\bin\mt.exe /nologo /verbose /out:"Debug\OpenGLHw2New.exe.embed.manifest" /manifest Debug\OpenGLHw2New.exe.intermediate.manifest
  所有輸出都是最新的。
LinkEmbedManifest:
  所有輸出都是最新的。
  OpenGLHw2New.vcxproj -> C:\Users\panliangyu\Documents\Visual Studio 2010\Projects\OpenGLHw2New\Debug\OpenGLHw2New.exe
FinalizeBuildStatus:
  正在刪除檔案 "Debug\OpenGLHw2New.unsuccessfulbuild"。
  正在變更時間戳記 "Debug\OpenGLHw2New.lastbuildstate"。
專案 "C:\Users\panliangyu\Documents\Visual Studio 2010\Projects\OpenGLHw2New\OpenGLHw2New\OpenGLHw2New.vcxproj" (build 目標) 建置完成。

建置成功。

經過時間 00:00:05.10
