已經開始建置於 2014/5/18 下午 11:50:13。
節點 2 (build 目標) 上的專案 "C:\Users\panliangyu\Desktop\CG_Hw3_9931031\openGLHw3\openGLHw3.vcxproj"。
InitializeBuildStatus:
  由於指定了 "AlwaysCreate"，因此正在建立 "Debug\openGLHw3.unsuccessfulbuild"。
ClCompile:
  c:\Program Files (x86)\Microsoft Visual Studio 10.0\VC\bin\CL.exe /c /I../include /ZI /nologo /W3 /WX- /Od /Oy- /D WIN32 /D _DEBUG /D _CONSOLE /D _UNICODE /D UNICODE /Gm /EHsc /RTC1 /MDd /GS /fp:precise /Zc:wchar_t /Zc:forScope /Fo"Debug\\" /Fd"Debug\vc100.pdb" /Gd /TP /analyze- /errorReport:prompt light.cpp main.cpp mesh.cpp scene.cpp ShaderLoader.cpp view.cpp
  view.cpp
  ShaderLoader.cpp
c:\users\panliangyu\desktop\cg_hw3_9931031\openglhw3\shaderloader.cpp(19): warning C4996: 'fopen': This function or variable may be unsafe. Consider using fopen_s instead. To disable deprecation, use _CRT_SECURE_NO_WARNINGS. See online help for details.
          c:\program files (x86)\microsoft visual studio 10.0\vc\include\stdio.h(234) : 請參閱 'fopen' 的宣告
  scene.cpp
c:\users\panliangyu\desktop\cg_hw3_9931031\openglhw3\scene.cpp(32): warning C4101: 'tmpNumer' : 未參考的區域變數
  mesh.cpp
c:\users\panliangyu\desktop\cg_hw3_9931031\openglhw3\mesh.cpp(43): warning C4996: 'fopen': This function or variable may be unsafe. Consider using fopen_s instead. To disable deprecation, use _CRT_SECURE_NO_WARNINGS. See online help for details.
          c:\program files (x86)\microsoft visual studio 10.0\vc\include\stdio.h(234) : 請參閱 'fopen' 的宣告
c:\users\panliangyu\desktop\cg_hw3_9931031\openglhw3\mesh.cpp(57): warning C4996: 'fscanf': This function or variable may be unsafe. Consider using fscanf_s instead. To disable deprecation, use _CRT_SECURE_NO_WARNINGS. See online help for details.
          c:\program files (x86)\microsoft visual studio 10.0\vc\include\stdio.h(253) : 請參閱 'fscanf' 的宣告
c:\users\panliangyu\desktop\cg_hw3_9931031\openglhw3\mesh.cpp(61): warning C4996: 'fscanf': This function or variable may be unsafe. Consider using fscanf_s instead. To disable deprecation, use _CRT_SECURE_NO_WARNINGS. See online help for details.
          c:\program files (x86)\microsoft visual studio 10.0\vc\include\stdio.h(253) : 請參閱 'fscanf' 的宣告
c:\users\panliangyu\desktop\cg_hw3_9931031\openglhw3\mesh.cpp(68): warning C4996: 'fscanf': This function or variable may be unsafe. Consider using fscanf_s instead. To disable deprecation, use _CRT_SECURE_NO_WARNINGS. See online help for details.
          c:\program files (x86)\microsoft visual studio 10.0\vc\include\stdio.h(253) : 請參閱 'fscanf' 的宣告
c:\users\panliangyu\desktop\cg_hw3_9931031\openglhw3\mesh.cpp(74): warning C4996: 'fscanf': This function or variable may be unsafe. Consider using fscanf_s instead. To disable deprecation, use _CRT_SECURE_NO_WARNINGS. See online help for details.
          c:\program files (x86)\microsoft visual studio 10.0\vc\include\stdio.h(253) : 請參閱 'fscanf' 的宣告
c:\users\panliangyu\desktop\cg_hw3_9931031\openglhw3\mesh.cpp(80): warning C4996: 'fscanf': This function or variable may be unsafe. Consider using fscanf_s instead. To disable deprecation, use _CRT_SECURE_NO_WARNINGS. See online help for details.
          c:\program files (x86)\microsoft visual studio 10.0\vc\include\stdio.h(253) : 請參閱 'fscanf' 的宣告
c:\users\panliangyu\desktop\cg_hw3_9931031\openglhw3\mesh.cpp(86): warning C4996: 'fscanf': This function or variable may be unsafe. Consider using fscanf_s instead. To disable deprecation, use _CRT_SECURE_NO_WARNINGS. See online help for details.
          c:\program files (x86)\microsoft visual studio 10.0\vc\include\stdio.h(253) : 請參閱 'fscanf' 的宣告
c:\users\panliangyu\desktop\cg_hw3_9931031\openglhw3\mesh.cpp(91): warning C4996: 'fscanf': This function or variable may be unsafe. Consider using fscanf_s instead. To disable deprecation, use _CRT_SECURE_NO_WARNINGS. See online help for details.
          c:\program files (x86)\microsoft visual studio 10.0\vc\include\stdio.h(253) : 請參閱 'fscanf' 的宣告
c:\users\panliangyu\desktop\cg_hw3_9931031\openglhw3\mesh.cpp(100): warning C4996: 'fscanf': This function or variable may be unsafe. Consider using fscanf_s instead. To disable deprecation, use _CRT_SECURE_NO_WARNINGS. See online help for details.
          c:\program files (x86)\microsoft visual studio 10.0\vc\include\stdio.h(253) : 請參閱 'fscanf' 的宣告
c:\users\panliangyu\desktop\cg_hw3_9931031\openglhw3\mesh.cpp(172): warning C4996: 'fopen': This function or variable may be unsafe. Consider using fopen_s instead. To disable deprecation, use _CRT_SECURE_NO_WARNINGS. See online help for details.
          c:\program files (x86)\microsoft visual studio 10.0\vc\include\stdio.h(234) : 請參閱 'fopen' 的宣告
c:\users\panliangyu\desktop\cg_hw3_9931031\openglhw3\mesh.cpp(187): warning C4996: 'fscanf': This function or variable may be unsafe. Consider using fscanf_s instead. To disable deprecation, use _CRT_SECURE_NO_WARNINGS. See online help for details.
          c:\program files (x86)\microsoft visual studio 10.0\vc\include\stdio.h(253) : 請參閱 'fscanf' 的宣告
c:\users\panliangyu\desktop\cg_hw3_9931031\openglhw3\mesh.cpp(191): warning C4996: 'fscanf': This function or variable may be unsafe. Consider using fscanf_s instead. To disable deprecation, use _CRT_SECURE_NO_WARNINGS. See online help for details.
          c:\program files (x86)\microsoft visual studio 10.0\vc\include\stdio.h(253) : 請參閱 'fscanf' 的宣告
c:\users\panliangyu\desktop\cg_hw3_9931031\openglhw3\mesh.cpp(200): warning C4996: 'fscanf': This function or variable may be unsafe. Consider using fscanf_s instead. To disable deprecation, use _CRT_SECURE_NO_WARNINGS. See online help for details.
          c:\program files (x86)\microsoft visual studio 10.0\vc\include\stdio.h(253) : 請參閱 'fscanf' 的宣告
c:\users\panliangyu\desktop\cg_hw3_9931031\openglhw3\mesh.cpp(209): warning C4996: 'fscanf': This function or variable may be unsafe. Consider using fscanf_s instead. To disable deprecation, use _CRT_SECURE_NO_WARNINGS. See online help for details.
          c:\program files (x86)\microsoft visual studio 10.0\vc\include\stdio.h(253) : 請參閱 'fscanf' 的宣告
c:\users\panliangyu\desktop\cg_hw3_9931031\openglhw3\mesh.cpp(218): warning C4996: 'fscanf': This function or variable may be unsafe. Consider using fscanf_s instead. To disable deprecation, use _CRT_SECURE_NO_WARNINGS. See online help for details.
          c:\program files (x86)\microsoft visual studio 10.0\vc\include\stdio.h(253) : 請參閱 'fscanf' 的宣告
c:\users\panliangyu\desktop\cg_hw3_9931031\openglhw3\mesh.cpp(227): warning C4996: 'fscanf': This function or variable may be unsafe. Consider using fscanf_s instead. To disable deprecation, use _CRT_SECURE_NO_WARNINGS. See online help for details.
          c:\program files (x86)\microsoft visual studio 10.0\vc\include\stdio.h(253) : 請參閱 'fscanf' 的宣告
c:\users\panliangyu\desktop\cg_hw3_9931031\openglhw3\mesh.cpp(233): warning C4996: 'fscanf': This function or variable may be unsafe. Consider using fscanf_s instead. To disable deprecation, use _CRT_SECURE_NO_WARNINGS. See online help for details.
          c:\program files (x86)\microsoft visual studio 10.0\vc\include\stdio.h(253) : 請參閱 'fscanf' 的宣告
c:\users\panliangyu\desktop\cg_hw3_9931031\openglhw3\mesh.cpp(239): warning C4996: 'fscanf': This function or variable may be unsafe. Consider using fscanf_s instead. To disable deprecation, use _CRT_SECURE_NO_WARNINGS. See online help for details.
          c:\program files (x86)\microsoft visual studio 10.0\vc\include\stdio.h(253) : 請參閱 'fscanf' 的宣告
c:\users\panliangyu\desktop\cg_hw3_9931031\openglhw3\mesh.cpp(245): warning C4996: 'fscanf': This function or variable may be unsafe. Consider using fscanf_s instead. To disable deprecation, use _CRT_SECURE_NO_WARNINGS. See online help for details.
          c:\program files (x86)\microsoft visual studio 10.0\vc\include\stdio.h(253) : 請參閱 'fscanf' 的宣告
c:\users\panliangyu\desktop\cg_hw3_9931031\openglhw3\mesh.cpp(251): warning C4996: 'fscanf': This function or variable may be unsafe. Consider using fscanf_s instead. To disable deprecation, use _CRT_SECURE_NO_WARNINGS. See online help for details.
          c:\program files (x86)\microsoft visual studio 10.0\vc\include\stdio.h(253) : 請參閱 'fscanf' 的宣告
c:\users\panliangyu\desktop\cg_hw3_9931031\openglhw3\mesh.cpp(257): warning C4996: 'fscanf': This function or variable may be unsafe. Consider using fscanf_s instead. To disable deprecation, use _CRT_SECURE_NO_WARNINGS. See online help for details.
          c:\program files (x86)\microsoft visual studio 10.0\vc\include\stdio.h(253) : 請參閱 'fscanf' 的宣告
  main.cpp
  light.cpp
  正在產生程式碼...
ManifestResourceCompile:
  c:\Program Files (x86)\Microsoft SDKs\Windows\v7.0A\bin\rc.exe /nologo /fo"Debug\openGLHw3.exe.embed.manifest.res" Debug\openGLHw3_manifest.rc 
Link:
  c:\Program Files (x86)\Microsoft Visual Studio 10.0\VC\bin\link.exe /ERRORREPORT:PROMPT /OUT:"C:\Users\panliangyu\Desktop\CG_Hw3_9931031\Debug\openGLHw3.exe" /INCREMENTAL /NOLOGO /LIBPATH:../lib glaux.lib glew32.lib glew32s.lib glut32.lib kernel32.lib user32.lib gdi32.lib winspool.lib comdlg32.lib advapi32.lib shell32.lib ole32.lib oleaut32.lib uuid.lib odbc32.lib odbccp32.lib /MANIFEST /ManifestFile:"Debug\openGLHw3.exe.intermediate.manifest" /MANIFESTUAC:"level='asInvoker' uiAccess='false'" /DEBUG /PDB:"C:\Users\panliangyu\Desktop\CG_Hw3_9931031\Debug\openGLHw3.pdb" /SUBSYSTEM:CONSOLE /TLBID:1 /DYNAMICBASE /NXCOMPAT /IMPLIB:"C:\Users\panliangyu\Desktop\CG_Hw3_9931031\Debug\openGLHw3.lib" /MACHINE:X86 Debug\openGLHw3.exe.embed.manifest.res
  Debug\light.obj
  Debug\main.obj
  Debug\mesh.obj
  Debug\scene.obj
  Debug\ShaderLoader.obj
  Debug\view.obj
Manifest:
  c:\Program Files (x86)\Microsoft SDKs\Windows\v7.0A\bin\mt.exe /nologo /verbose /out:"Debug\openGLHw3.exe.embed.manifest" /manifest Debug\openGLHw3.exe.intermediate.manifest
  所有輸出都是最新的。
LinkEmbedManifest:
  所有輸出都是最新的。
  openGLHw3.vcxproj -> C:\Users\panliangyu\Desktop\CG_Hw3_9931031\Debug\openGLHw3.exe
FinalizeBuildStatus:
  正在刪除檔案 "Debug\openGLHw3.unsuccessfulbuild"。
  正在變更時間戳記 "Debug\openGLHw3.lastbuildstate"。
專案 "C:\Users\panliangyu\Desktop\CG_Hw3_9931031\openGLHw3\openGLHw3.vcxproj" (build 目標) 建置完成。

建置成功。

經過時間 00:00:04.96
